<?xml version="1.0" encoding="utf-8"?>
<TestRun id="5c48905a-c2a2-4103-a9f5-64481b298799" name="@ddubuntu 2025-11-13 16:40:00" xmlns="http://microsoft.com/schemas/VisualStudio/TeamTest/2010">
  <Times creation="2025-11-13T16:40:00.2502401-05:00" queuing="2025-11-13T16:40:00.2502401-05:00" start="2025-11-13T16:39:55.8408335-05:00" finish="2025-11-13T16:40:00.2615019-05:00" />
  <TestSettings name="default" id="e4f432d6-f1f7-4ba9-b409-0474063ce085">
    <Deployment runDeploymentRoot="_ddubuntu_2025-11-13_16_40_00" />
  </TestSettings>
  <Results>
    <UnitTestResult executionId="0758b1ff-48c5-4ee4-9555-33b3ac04c52c" testId="e410160f-155f-c2ee-6838-f72ee5b56042" testName="StartsOnlyOneTimelapsePerPrintJob" computerName="ddubuntu" duration="00:00:02.0679854" startTime="2025-11-13T16:39:58.0880363-05:00" endTime="2025-11-13T16:40:00.1702057-05:00" testType="13cdc9d9-ddb5-4fa4-a97d-d965ccfc6d4b" outcome="Failed" testListId="8c84fa94-04c1-424b-9868-57a2d4851a1d" relativeResultsDirectory="0758b1ff-48c5-4ee4-9555-33b3ac04c52c">
      <Output>
        <ErrorInfo>
          <Message>Assert.IsTrue failed. </Message>
          <StackTrace>   at PrintStreamer.Utils.Tests.PrintStreamOrchestratorTests.StartsOnlyOneTimelapsePerPrintJob() in /home/ddatti/printstreamer/tests/PrintStreamer.Utils.Tests/PrintStreamOrchestratorTests.cs:line 61
   at Microsoft.VisualStudio.TestPlatform.MSTestAdapter.PlatformServices.ThreadOperations.ExecuteWithAbortSafety(Action action)
</StackTrace>
        </ErrorInfo>
      </Output>
    </UnitTestResult>
  </Results>
  <TestDefinitions>
    <UnitTest name="StartsOnlyOneTimelapsePerPrintJob" storage="/home/ddatti/printstreamer/tests/printstreamer.utils.tests/bin/debug/net8.0/printstreamer.utils.tests.dll" id="e410160f-155f-c2ee-6838-f72ee5b56042">
      <Execution id="0758b1ff-48c5-4ee4-9555-33b3ac04c52c" />
      <TestMethod codeBase="/home/ddatti/printstreamer/tests/PrintStreamer.Utils.Tests/bin/Debug/net8.0/PrintStreamer.Utils.Tests.dll" adapterTypeName="executor://mstestadapter/v2" className="PrintStreamer.Utils.Tests.PrintStreamOrchestratorTests" name="StartsOnlyOneTimelapsePerPrintJob" />
    </UnitTest>
  </TestDefinitions>
  <TestEntries>
    <TestEntry testId="e410160f-155f-c2ee-6838-f72ee5b56042" executionId="0758b1ff-48c5-4ee4-9555-33b3ac04c52c" testListId="8c84fa94-04c1-424b-9868-57a2d4851a1d" />
  </TestEntries>
  <TestLists>
    <TestList name="Results Not in a List" id="8c84fa94-04c1-424b-9868-57a2d4851a1d" />
    <TestList name="All Loaded Results" id="19431567-8539-422a-85d7-44ee4e166bda" />
  </TestLists>
  <ResultSummary outcome="Failed">
    <Counters total="1" executed="1" passed="0" failed="1" error="0" timeout="0" aborted="0" inconclusive="0" passedButRunAborted="0" notRunnable="0" notExecuted="0" disconnected="0" warning="0" completed="0" inProgress="0" pending="0" />
  </ResultSummary>
</TestRun>